SF:lib/components/avatar/avatar.dart
DA:13,1
DA:20,1
DA:22,1
DA:23,1
DA:24,1
DA:25,1
DA:26,3
DA:27,1
DA:28,1
DA:29,0
DA:30,0
DA:33,2
DA:38,1
DA:39,1
DA:40,1
DA:42,1
LF:16
LH:14
end_of_record
SF:lib/components/avatar/avatar_builder.dart
DA:12,1
DA:21,1
DA:26,1
DA:27,1
DA:29,0
DA:30,2
DA:31,2
DA:35,0
DA:42,0
DA:43,0
DA:44,0
DA:45,0
LF:12
LH:6
end_of_record
SF:lib/components/buttons/auxiliar_button.dart
DA:12,2
DA:19,2
DA:21,2
DA:22,6
DA:23,8
DA:24,2
DA:26,2
DA:27,12
DA:29,4
DA:31,2
DA:32,4
DA:33,4
DA:34,2
DA:38,2
DA:39,6
DA:41,2
DA:43,2
DA:44,2
DA:47,6
LF:19
LH:19
end_of_record
SF:lib/components/buttons/button_special.dart
DA:13,1
DA:23,1
DA:24,1
DA:30,1
DA:32,1
DA:33,4
DA:34,6
DA:35,6
DA:36,3
DA:37,1
DA:38,1
DA:40,1
DA:42,1
DA:46,1
DA:47,1
DA:48,2
DA:49,1
DA:50,1
DA:51,3
DA:52,4
DA:53,1
DA:54,1
DA:56,2
DA:58,1
DA:61,1
DA:63,1
DA:64,1
DA:65,1
DA:67,1
DA:68,1
DA:69,3
DA:75,1
DA:76,1
DA:78,2
DA:80,3
DA:89,1
DA:90,2
DA:91,1
DA:92,3
DA:93,1
DA:94,1
DA:95,3
DA:97,3
DA:101,1
DA:102,2
DA:103,1
DA:105,1
LF:47
LH:47
end_of_record
SF:lib/components/buttons/center_button.dart
DA:15,1
DA:23,1
DA:24,1
DA:30,0
DA:31,0
DA:34,1
DA:35,3
DA:38,1
DA:40,1
DA:41,2
DA:43,3
DA:44,2
DA:46,3
DA:47,2
DA:49,3
DA:50,2
DA:52,3
DA:53,3
DA:54,3
DA:55,1
DA:56,1
DA:57,3
DA:58,2
DA:59,1
DA:61,3
DA:66,0
DA:67,0
DA:68,0
DA:69,0
DA:73,1
DA:74,3
DA:75,2
DA:76,1
DA:80,1
DA:84,1
DA:85,1
DA:86,1
DA:87,4
DA:88,5
DA:89,1
DA:90,5
DA:93,1
DA:94,1
DA:96,1
DA:99,1
DA:100,1
DA:101,1
DA:102,2
DA:104,2
DA:105,0
DA:106,0
DA:107,1
LF:52
LH:44
end_of_record
SF:lib/components/buttons/color_attributes.dart
DA:11,6
DA:17,12
DA:21,12
DA:25,12
DA:29,0
DA:30,0
DA:31,0
DA:32,0
DA:33,0
DA:34,0
DA:36,0
DA:37,0
DA:38,0
DA:39,0
LF:14
LH:4
end_of_record
SF:lib/utils/util_functions.dart
DA:3,2
DA:4,2
DA:6,4
DA:8,2
DA:9,8
DA:11,2
DA:14,5
DA:15,5
DA:16,24
DA:17,10
DA:18,15
DA:14,5
DA:15,5
DA:16,24
DA:17,10
DA:18,15
LF:11
LH:11
end_of_record
SF:lib/components/buttons/core_button.dart
DA:17,6
DA:18,4
DA:19,12
DA:21,6
DA:33,6
DA:35,6
DA:36,6
DA:39,6
DA:41,6
DA:42,6
DA:45,6
DA:46,6
DA:47,6
DA:48,2
DA:51,6
DA:52,8
DA:58,6
DA:59,6
DA:60,6
DA:61,8
DA:62,2
DA:65,6
DA:66,10
DA:70,6
DA:75,2
DA:76,2
DA:77,2
DA:78,2
DA:79,2
DA:81,2
DA:83,2
DA:91,6
DA:94,12
DA:98,12
DA:102,12
DA:106,6
DA:109,6
DA:110,6
DA:114,3
DA:115,3
DA:116,3
DA:123,2
DA:124,10
DA:126,2
DA:127,10
LF:45
LH:45
end_of_record
SF:lib/components/buttons/primary_button.dart
DA:18,1
DA:26,1
DA:30,1
DA:31,1
DA:43,1
DA:44,2
DA:47,1
DA:48,2
DA:51,1
DA:52,2
DA:55,1
DA:57,1
DA:59,2
DA:60,3
DA:64,1
DA:66,1
DA:68,1
DA:69,3
DA:70,2
DA:71,2
DA:73,3
DA:78,0
DA:79,0
DA:80,0
DA:81,0
DA:85,1
DA:86,3
DA:87,2
DA:88,2
DA:92,1
DA:96,1
DA:97,1
DA:98,1
DA:99,1
DA:101,3
DA:102,1
DA:103,4
DA:104,1
DA:105,1
DA:106,4
DA:110,1
DA:113,1
DA:115,2
DA:116,2
DA:117,2
DA:118,1
LF:46
LH:42
end_of_record
SF:lib/components/buttons/secondary_button/dto/secondary_button_builder.dart
DA:25,0
DA:37,0
DA:38,0
DA:41,0
DA:46,0
DA:47,0
DA:49,0
DA:50,0
DA:51,0
DA:52,0
DA:53,0
DA:54,0
DA:55,0
DA:56,0
DA:59,0
DA:60,0
DA:61,0
DA:64,0
DA:65,0
DA:66,0
DA:72,0
DA:79,0
DA:80,0
DA:81,0
DA:82,0
DA:83,0
DA:84,0
DA:85,0
DA:86,0
DA:87,0
LF:30
LH:0
end_of_record
SF:lib/components/buttons/secondary_button/secondary_button.dart
DA:22,2
DA:33,2
DA:37,2
DA:41,4
DA:45,2
DA:46,2
DA:58,2
DA:59,7
DA:62,2
DA:63,6
DA:64,2
DA:67,2
DA:68,6
DA:69,2
DA:72,2
DA:74,2
DA:76,4
DA:77,2
DA:78,8
DA:82,2
DA:84,2
DA:86,2
DA:87,6
DA:88,4
DA:89,4
DA:90,2
DA:92,6
DA:97,0
DA:98,0
DA:99,0
DA:100,0
DA:101,0
DA:105,2
DA:106,6
DA:107,4
DA:108,4
DA:109,2
DA:113,2
DA:117,2
DA:118,2
DA:119,6
DA:120,2
DA:121,2
DA:122,2
DA:123,4
DA:124,4
DA:125,6
DA:129,8
DA:132,2
DA:134,2
DA:135,2
DA:136,4
DA:137,4
DA:141,2
DA:143,2
DA:144,2
DA:145,8
DA:146,2
DA:147,6
DA:148,6
DA:153,2
DA:155,4
DA:156,2
DA:157,4
DA:158,4
DA:159,4
DA:160,4
DA:161,2
DA:166,2
DA:167,6
DA:168,4
DA:169,0
DA:173,2
LF:73
LH:67
end_of_record
SF:lib/components/icon/dto/icon_dto.dart
DA:5,0
DA:7,0
DA:10,4
DA:12,4
DA:13,4
DA:14,16
DA:15,8
DA:16,4
DA:17,20
DA:23,1
DA:25,1
DA:26,1
DA:27,4
DA:28,2
DA:29,1
DA:30,5
DA:10,4
DA:12,4
DA:13,4
DA:14,16
DA:15,8
DA:16,4
DA:17,20
DA:23,1
DA:25,1
DA:26,1
DA:27,4
DA:28,2
DA:29,1
DA:30,5
DA:34,0
DA:36,0
DA:41,4
DA:43,4
DA:44,4
DA:45,20
DA:46,8
DA:47,4
DA:49,8
DA:50,16
DA:41,4
DA:43,4
DA:44,4
DA:45,20
DA:46,8
DA:47,4
DA:49,8
DA:50,16
DA:55,0
DA:57,0
LF:28
LH:22
end_of_record
SF:lib/components/icon/icon.dart
DA:14,14
DA:22,4
DA:30,16
DA:35,32
DA:39,32
DA:43,6
DA:47,6
DA:48,6
DA:49,12
DA:50,18
DA:52,18
DA:14,14
DA:22,4
DA:30,16
DA:35,32
DA:39,32
DA:43,6
DA:47,6
DA:48,6
DA:49,12
DA:50,18
DA:52,18
DA:53,1
DA:54,2
DA:55,2
DA:57,1
DA:58,1
DA:59,1
DA:81,15
DA:83,15
DA:85,30
DA:86,15
DA:87,13
DA:88,39
DA:89,39
DA:90,39
DA:81,15
DA:83,15
DA:85,30
DA:86,15
DA:87,13
DA:88,39
DA:89,39
DA:90,39
DA:92,3
DA:93,3
DA:95,15
DA:98,3
DA:100,9
DA:101,9
DA:102,9
LF:32
LH:32
end_of_record
SF:lib/components/buttons/tertiary_button.dart
DA:25,3
DA:36,3
DA:40,7
DA:44,3
DA:45,3
DA:56,2
DA:57,8
DA:60,2
DA:61,4
DA:62,4
DA:65,3
DA:67,3
DA:69,6
DA:70,10
DA:71,6
DA:75,3
DA:76,7
DA:77,6
DA:80,3
DA:82,3
DA:84,2
DA:85,6
DA:86,4
DA:87,4
DA:89,6
DA:94,0
DA:95,0
DA:96,0
DA:97,0
DA:101,2
DA:102,6
DA:103,4
DA:104,4
DA:108,3
DA:109,9
DA:110,3
DA:111,6
DA:112,6
DA:113,6
DA:114,6
DA:115,6
DA:116,3
LF:42
LH:38
end_of_record
SF:lib/components/cards/card_banner/card_banner.dart
DA:26,2
DA:35,2
DA:39,2
DA:43,2
DA:45,2
DA:46,2
DA:47,2
DA:26,2
DA:35,2
DA:39,2
DA:43,2
DA:45,2
DA:46,2
DA:47,2
DA:48,1
DA:49,2
DA:49,2
DA:53,1
DA:54,1
DA:56,4
DA:57,1
DA:58,1
DA:60,1
DA:61,1
DA:67,2
DA:68,10
DA:70,8
DA:72,2
DA:74,8
DA:75,2
DA:77,2
DA:78,2
DA:79,2
DA:81,2
DA:82,2
DA:85,2
DA:87,2
DA:88,2
DA:90,2
DA:92,6
DA:94,2
DA:67,2
DA:68,10
DA:70,8
DA:72,2
DA:74,8
DA:75,2
DA:77,2
DA:78,2
DA:79,2
DA:81,2
DA:82,2
DA:85,2
DA:87,2
DA:88,2
DA:90,2
DA:92,6
DA:94,2
DA:95,3
DA:103,2
DA:104,2
DA:105,2
DA:106,2
DA:107,4
DA:103,2
DA:104,2
DA:105,2
DA:106,2
DA:107,4
LF:39
LH:39
end_of_record
SF:lib/components/cards/card_banner/dto/card_banner_builder.dart
DA:26,1
DA:36,1
DA:41,1
DA:43,1
DA:44,2
DA:45,2
DA:46,2
DA:47,2
DA:48,2
DA:54,1
DA:61,1
DA:62,1
DA:63,1
DA:64,1
DA:65,1
DA:66,1
DA:67,1
DA:54,1
DA:61,1
DA:62,1
DA:63,1
DA:64,1
DA:65,1
DA:66,1
DA:67,1
LF:17
LH:17
LH:17
end_of_record
SF:lib/components/cards/referral_card.dart
DA:19,1
DA:35,1
DA:36,1
DA:41,2
DA:45,2
DA:46,1
DA:52,1
DA:54,1
DA:55,1
DA:56,3
DA:57,3
DA:58,3
DA:60,3
DA:61,1
DA:64,1
DA:65,1
DA:66,2
DA:67,2
DA:68,3
DA:71,2
DA:72,3
DA:75,1
DA:78,1
DA:79,1
DA:80,1
DA:81,1
DA:88,1
DA:89,1
DA:90,1
DA:91,1
DA:92,1
DA:93,1
DA:94,1
DA:95,1
DA:97,1
DA:99,1
DA:100,1
DA:101,1
DA:106,1
DA:107,1
DA:108,1
DA:109,1
DA:113,1
DA:118,2
DA:119,3
DA:120,3
DA:121,3
DA:122,3
DA:127,1
DA:128,2
DA:129,1
DA:130,1
DA:133,2
DA:135,1
DA:137,1
DA:138,1
DA:140,2
DA:142,4
DA:144,1
DA:145,4
DA:147,1
DA:149,1
DA:152,2
DA:153,3
DA:157,1
DA:158,4
DA:160,1
DA:162,2
DA:163,3
DA:165,3
DA:166,3
DA:167,4
DA:173,1
DA:174,1
DA:175,1
DA:178,1
DA:179,1
DA:182,1
DA:184,1
DA:185,1
DA:188,2
DA:189,3
DA:191,1
DA:192,4
DA:194,1
DA:196,2
DA:199,4
DA:205,1
DA:206,1
DA:207,1
DA:208,1
DA:209,1
DA:211,1
DA:212,1
DA:213,1
DA:214,1
DA:216,1
DA:217,4
DA:219,1
DA:221,1
DA:222,1
DA:223,1
DA:224,4
DA:225,2
DA:226,1
DA:227,1
DA:238,1
DA:239,1
DA:241,1
DA:245,1
DA:246,1
DA:248,1
DA:250,3
DA:258,1
DA:259,4
DA:260,4
DA:266,1
DA:267,1
DA:268,1
DA:270,1
DA:272,3
DA:279,1
DA:280,1
DA:281,1
DA:283,1
DA:284,1
DA:285,1
DA:286,1
DA:288,1
DA:289,2
DA:290,1
DA:293,1
DA:300,1
DA:301,1
DA:302,1
DA:305,1
DA:307,1
DA:308,1
DA:312,3
DA:314,1
DA:315,4
DA:317,1
DA:320,4
DA:326,1
DA:327,1
DA:328,1
DA:329,1
DA:330,4
DA:331,1
DA:332,3
DA:334,1
DA:335,1
DA:336,1
DA:339,1
DA:341,1
DA:348,1
DA:349,1
DA:350,1
DA:351,1
DA:352,1
DA:354,1
DA:357,1
DA:358,1
DA:359,1
DA:361,1
DA:362,4
DA:365,1
DA:366,4
DA:375,1
DA:376,1
DA:377,1
DA:378,1
DA:379,1
DA:380,1
DA:381,1
DA:383,3
DA:384,3
DA:386,3
DA:389,1
LF:179
LH:179
end_of_record
SF:lib/components/circular_loading/circular_loading.dart
DA:7,33
DA:9,2
DA:11,6
DA:12,2
DA:13,8
LF:5
LH:5
end_of_record
SF:lib/components/common_modal/common_modal.dart
DA:10,2
DA:28,2
DA:39,2
DA:41,2
DA:42,2
DA:43,2
DA:47,2
DA:48,2
DA:50,2
DA:51,2
DA:52,2
DA:53,2
DA:54,6
DA:55,2
DA:56,2
DA:57,6
DA:58,6
DA:59,2
DA:61,2
DA:68,2
DA:69,2
DA:70,2
DA:72,2
DA:73,6
DA:77,6
DA:78,2
DA:80,2
DA:81,6
DA:87,2
DA:88,4
DA:89,6
DA:92,2
DA:93,2
DA:94,2
DA:95,8
DA:96,2
DA:98,2
DA:99,6
DA:100,2
DA:104,6
DA:105,2
DA:109,2
DA:110,4
DA:114,1
DA:115,2
DA:116,2
DA:117,1
DA:118,3
DA:119,3
DA:124,2
DA:125,2
DA:126,4
DA:127,6
DA:128,1
DA:129,2
DA:130,2
DA:132,1
DA:133,3
DA:134,3
DA:137,4
DA:138,2
DA:139,4
DA:140,4
DA:146,2
DA:147,2
DA:148,2
DA:149,2
DA:150,10
DA:152,2
LF:69
LH:69
end_of_record
SF:lib/components/common_modal/dto/button_properties_dto.dart
DA:5,0
DA:7,0
DA:10,1
DA:12,1
DA:13,1
DA:15,2
LF:6
LH:4
end_of_record
SF:lib/components/common_modal/dto/common_modal_builder.dart
DA:21,1
DA:33,1
DA:38,1
DA:39,2
DA:40,2
DA:41,1
DA:42,5
DA:43,2
DA:44,2
DA:45,2
DA:46,4
DA:48,2
DA:49,4
DA:51,2
DA:52,4
DA:58,1
DA:65,1
DA:66,1
DA:67,1
DA:68,1
DA:69,1
DA:70,1
DA:71,1
DA:72,1
DA:73,1
LF:25
LH:25
end_of_record
SF:lib/components/custom_divider/custom_divider.dart
DA:8,64
DA:8,64
DA:10,2
DA:12,2
DA:13,8
LF:4
LH:4
end_of_record
SF:lib/components/custom_divider/custom_divider_builder.dart
DA:12,1
DA:17,1
DA:22,1
DA:23,2
DA:24,2
DA:25,1
DA:32,0
DA:39,0
DA:40,0
LF:9
LH:6
end_of_record
SF:lib/components/custom_tabs.dart
DA:24,1
DA:32,1
DA:33,1
DA:38,1
DA:40,3
DA:41,2
DA:44,1
DA:45,3
DA:47,1
DA:48,1
DA:49,1
DA:51,1
DA:53,2
DA:54,1
DA:55,1
DA:56,1
DA:57,1
DA:59,1
DA:60,1
DA:62,1
DA:63,1
DA:64,1
DA:66,1
DA:67,2
DA:69,2
DA:71,1
DA:72,1
DA:73,3
DA:79,3
DA:85,1
DA:90,3
DA:91,2
DA:99,1
DA:100,1
DA:101,1
DA:102,2
DA:113,1
DA:114,1
DA:115,1
DA:116,1
DA:117,1
DA:118,1
DA:119,1
DA:120,4
DA:122,2
DA:123,4
DA:124,1
DA:127,1
DA:129,1
DA:130,3
DA:133,1
DA:134,2
DA:135,4
DA:137,3
DA:138,2
DA:139,1
LF:56
LH:56
end_of_record
SF:lib/components/custom_typography/custom_typography.dart
DA:18,17
DA:28,16
DA:30,16
DA:31,48
DA:32,16
DA:33,16
DA:34,64
DA:35,32
DA:36,32
DA:37,48
DA:39,16
DA:42,32
DA:45,16
DA:46,48
DA:47,80
DA:48,48
DA:51,16
DA:52,16
DA:53,16
DA:18,17
DA:28,16
DA:30,16
DA:31,48
DA:32,16
DA:33,16
DA:34,64
DA:35,32
DA:36,32
DA:37,48
DA:39,16
DA:42,32
DA:45,16
DA:46,48
DA:47,80
DA:48,48
DA:51,16
DA:52,16
DA:53,16
DA:54,3
DA:55,16
DA:55,16
DA:56,3
DA:57,16
DA:57,16
DA:58,3
DA:59,16
DA:60,15
DA:61,15
DA:59,16
DA:60,15
DA:61,15
DA:62,3
DA:63,15
DA:64,30
DA:65,10
DA:66,21
DA:63,15
DA:64,30
DA:65,10
DA:66,21
DA:67,4
DA:68,6
DA:69,3
DA:70,9
DA:71,2
DA:72,6
LF:38
LH:38
end_of_record
SF:lib/components/indication_filters.dart
DA:15,1
DA:29,1
DA:31,1
DA:32,1
DA:33,1
DA:36,1
DA:37,1
DA:38,2
DA:39,3
DA:40,3
DA:44,1
DA:45,1
DA:46,1
DA:48,1
DA:49,1
DA:50,1
DA:51,1
DA:52,1
DA:53,1
DA:54,1
DA:55,4
DA:58,1
DA:61,1
DA:66,1
DA:69,1
DA:70,2
DA:72,1
DA:75,1
DA:76,1
DA:78,1
DA:80,1
DA:81,1
DA:82,1
DA:90,1
DA:91,1
DA:92,1
DA:95,3
DA:99,1
DA:100,1
DA:101,1
DA:102,1
DA:103,1
DA:104,2
DA:105,3
DA:106,3
DA:108,3
DA:111,1
DA:114,1
DA:115,1
DA:116,2
DA:119,3
DA:125,1
DA:126,1
DA:127,1
DA:129,1
DA:131,3
LF:56
LH:56
end_of_record
SF:lib/components/notification_bell/notification_bell.dart
DA:13,2
DA:20,2
DA:22,6
DA:23,2
DA:24,2
DA:25,2
DA:26,2
DA:27,2
DA:28,4
DA:29,2
DA:31,2
DA:32,2
DA:36,6
DA:41,2
DA:42,2
DA:43,6
DA:44,2
DA:45,2
DA:46,2
DA:49,2
DA:50,2
DA:53,2
DA:55,2
DA:56,2
DA:57,2
DA:60,4
LF:26
LH:26
end_of_record
SF:lib/components/referral_button.dart
DA:13,1
DA:24,1
DA:25,1
DA:31,1
DA:33,1
DA:34,4
DA:35,1
DA:36,1
DA:37,1
DA:38,3
DA:40,2
DA:41,2
DA:43,1
DA:44,1
DA:45,5
DA:46,3
DA:47,3
DA:48,3
DA:51,1
DA:52,1
DA:53,1
DA:56,1
DA:58,1
DA:59,1
DA:61,1
DA:62,1
DA:64,2
DA:65,3
DA:67,1
DA:69,3
DA:70,3
DA:74,1
DA:75,1
DA:77,1
DA:79,3
DA:87,1
DA:93,1
DA:94,1
DA:95,4
DA:96,1
DA:97,1
DA:98,3
DA:99,2
DA:100,1
DA:103,1
DA:106,1
DA:109,1
DA:110,2
DA:112,3
LF:49
LH:49
end_of_record
SF:lib/components/skeleton/skeleton.dart
DA:13,1
DA:21,1
DA:23,1
DA:24,1
DA:26,1
DA:27,1
DA:28,1
DA:29,2
DA:30,3
DA:31,1
DA:33,1
DA:34,1
LF:12
LH:12
end_of_record
SF:lib/components/icon/dto/icon_builder.dart
DA:12,1
DA:17,1
DA:22,1
DA:23,1
DA:24,5
DA:29,1
DA:36,2
DA:29,1
DA:36,2
LF:7
LH:7
LH:7
end_of_record
SF:lib/components/map_builders.dart
DA:10,12
DA:10,12
LF:1
LH:1
end_of_record
SF:lib/components/notification_bell/dto/notification_bell_builder.dart
DA:12,1
DA:21,1
DA:26,1
DA:28,1
DA:29,1
DA:30,5
DA:31,2
DA:37,1
DA:44,1
DA:45,1
DA:46,1
DA:47,1
LF:12
LH:12
end_of_record
SF:lib/components/skeleton/dto/skeleton_builder.dart
DA:8,1
DA:20,1
DA:25,1
DA:26,2
DA:27,2
DA:28,2
DA:33,0
DA:40,0
DA:41,0
DA:42,0
DA:43,0
LF:11
LH:6
end_of_record
SF:lib/components/svg/dto/svg_builder.dart
DA:16,1
DA:24,1
DA:28,1
DA:34,1
DA:39,1
DA:41,2
DA:42,2
DA:43,1
DA:44,1
DA:45,2
DA:46,2
DA:50,0
DA:58,0
DA:62,0
DA:63,0
DA:64,0
DA:65,0
DA:66,0
DA:67,0
DA:71,0
DA:72,0
DA:73,0
DA:74,0
DA:75,0
LF:24
LH:11
end_of_record
SF:lib/theme/typography.dart
DA:11,36
DA:12,36
DA:11,36
DA:12,36
LF:2
LH:2
end_of_record
SF:lib/utils/app_size.dart
DA:10,16
DA:14,32
DA:15,48
DA:19,16
DA:20,16
DA:10,16
DA:14,32
DA:15,48
DA:19,16
DA:20,16
DA:21,0
DA:23,32
DA:30,16
DA:31,16
DA:32,32
DA:33,16
DA:23,32
DA:30,16
DA:31,16
DA:32,32
DA:33,16
LF:11
LH:10
end_of_record
SF:lib/utils/data_label.dart
DA:5,1
LF:1
LH:1
end_of_record
SF:lib/utils/dto.dart
DA:5,0
LF:1
LH:0
end_of_record
SF:lib/utils/enums/icon_variant_parse.dart
DA:4,5
DA:7,5
DA:9,2
DA:4,5
DA:7,5
DA:9,2
DA:16,1
DA:19,1
DA:21,1
LF:6
LH:6
end_of_record
SF:lib/utils/enums/icons/custom_icon_enum.dart
DA:4,2
DA:7,2
DA:9,2
DA:11,2
DA:13,1
DA:20,1
DA:23,1
DA:25,1
DA:27,1
DA:29,1
LF:10
LH:10
end_of_record
