SF:lib/components/indication_filters.dart
DA:19,1
DA:25,1
DA:32,1
DA:33,1
DA:39,1
DA:41,1
DA:42,1
DA:43,1
DA:45,1
DA:46,1
DA:47,1
DA:48,4
DA:49,3
DA:50,3
DA:51,1
DA:53,1
DA:54,1
DA:55,2
DA:56,1
DA:58,1
DA:59,4
DA:62,1
DA:63,1
DA:64,3
DA:66,1
DA:69,1
DA:72,1
DA:73,3
DA:74,2
DA:75,2
DA:78,1
DA:81,1
DA:82,1
DA:84,1
DA:86,1
DA:87,1
DA:88,1
DA:98,1
DA:99,1
DA:100,2
DA:103,3
DA:107,1
DA:108,1
DA:109,1
DA:110,1
DA:111,1
DA:112,3
DA:113,3
DA:114,3
DA:116,3
DA:119,1
DA:122,1
DA:123,1
DA:124,3
DA:127,3
DA:133,1
DA:134,1
DA:135,1
DA:137,1
DA:139,3
LF:60
LH:60
end_of_record
SF:lib/components/auxiliar_button.dart
DA:14,2
DA:21,2
DA:23,2
DA:24,6
DA:25,8
DA:26,2
DA:28,2
DA:29,12
DA:31,4
DA:33,2
DA:34,4
DA:35,4
DA:36,2
DA:40,2
DA:41,6
DA:43,2
DA:45,2
DA:46,2
DA:49,6
LF:19
LH:19
end_of_record
SF:lib/components/card_banner.dart
DA:26,1
DA:35,1
DA:39,1
DA:43,1
DA:45,1
DA:46,1
DA:47,1
DA:48,1
DA:49,1
DA:53,1
DA:54,1
DA:56,4
DA:57,1
DA:58,1
DA:60,1
DA:61,1
DA:67,1
DA:68,5
DA:70,4
DA:72,1
DA:74,4
DA:75,1
DA:77,1
DA:78,1
DA:79,1
DA:81,1
DA:82,1
DA:85,1
DA:87,1
DA:88,1
DA:90,1
DA:92,3
DA:94,1
DA:95,3
DA:103,1
DA:104,1
DA:105,1
DA:106,1
DA:107,2
LF:39
LH:39
end_of_record
SF:lib/components/custom_typography.dart
DA:11,6
DA:19,5
DA:28,5
DA:30,5
DA:31,15
DA:32,5
DA:33,5
DA:34,10
DA:35,10
DA:36,15
DA:38,5
DA:41,10
DA:44,5
DA:45,15
DA:46,25
DA:47,15
DA:50,5
DA:51,5
DA:52,5
DA:53,3
DA:54,5
DA:55,3
DA:56,5
DA:57,3
DA:58,5
DA:59,9
DA:60,4
DA:61,3
DA:62,4
DA:63,9
DA:64,3
DA:65,9
DA:66,1
DA:67,3
DA:68,1
DA:69,3
DA:70,1
DA:71,3
LF:38
LH:38
end_of_record
SF:lib/components/icon.dart
DA:13,3
DA:22,1
DA:30,3
DA:31,6
DA:33,6
DA:53,3
DA:55,3
DA:57,6
DA:58,3
DA:59,3
DA:60,9
DA:61,9
DA:62,9
DA:63,9
DA:65,1
DA:66,1
DA:67,3
DA:68,3
DA:69,3
LF:19
LH:19
end_of_record
SF:lib/components/referral_button.dart
DA:14,1
DA:25,1
DA:26,1
DA:32,1
DA:34,1
DA:35,4
DA:36,1
DA:37,1
DA:38,1
DA:39,3
DA:41,2
DA:42,2
DA:44,1
DA:45,1
DA:46,5
DA:47,3
DA:48,3
DA:49,3
DA:52,1
DA:53,1
DA:54,1
DA:57,1
DA:59,1
DA:60,1
DA:62,1
DA:63,1
DA:65,2
DA:66,3
DA:68,1
DA:70,3
DA:71,3
DA:75,1
DA:76,1
DA:78,1
DA:80,3
DA:88,1
DA:94,1
DA:95,1
DA:96,4
DA:97,1
DA:98,1
DA:99,3
DA:100,2
DA:101,1
DA:104,1
DA:107,1
DA:110,1
DA:111,2
DA:113,3
LF:49
LH:49
end_of_record
SF:lib/utils/app_size.dart
DA:10,5
DA:14,10
DA:15,15
DA:19,5
DA:20,5
DA:21,0
DA:23,10
DA:30,5
DA:31,5
DA:32,10
DA:33,5
LF:11
LH:10
end_of_record
SF:lib/utils/util_functions.dart
DA:1,2
DA:2,2
DA:4,4
DA:6,2
DA:7,8
DA:9,2
LF:6
LH:6
end_of_record
SF:lib/theme/typography.dart
DA:11,12
DA:12,12
LF:2
LH:2
end_of_record
